<?xml version="1.0" encoding="UTF-8"?>
<testng-results skipped="0" failed="0" ignored="0" total="1" passed="1">
  <reporter-output>
  </reporter-output>
  <suite name="Default suite" duration-ms="15873" started-at="2018-08-08T00:39:21Z" finished-at="2018-08-08T00:39:37Z">
    <groups>
    </groups>
    <test name="Default test" duration-ms="15873" started-at="2018-08-08T00:39:21Z" finished-at="2018-08-08T00:39:37Z">
      <class name="paquete.TestCases">
        <test-method status="PASS" signature="VerificarEnlaceLinkedin()[pri:2, instance:paquete.TestCases@2a2d45ba]" name="VerificarEnlaceLinkedin" duration-ms="15850" started-at="2018-08-07T21:39:21Z" finished-at="2018-08-07T21:39:37Z">
          <reporter-output>
          </reporter-output>
        </test-method> <!-- VerificarEnlaceLinkedin -->
      </class> <!-- paquete.TestCases -->
    </test> <!-- Default test -->
  </suite> <!-- Default suite -->
</testng-results>
